[debug] [2023-05-18T19:50:58.290Z] ----------------------------------------------------------------------
[debug] [2023-05-18T19:50:58.292Z] Command:       C:\Program Files\nodejs\node.exe C:\Users\Maciej\AppData\Roaming\npm\node_modules\firebase-tools\lib\bin\firebase.js init
[debug] [2023-05-18T19:50:58.293Z] CLI Version:   12.0.1
[debug] [2023-05-18T19:50:58.293Z] Platform:      win32
[debug] [2023-05-18T19:50:58.293Z] Node Version:  v20.1.0
[debug] [2023-05-18T19:50:58.293Z] Time:          Thu May 18 2023 21:50:58 GMT+0200 (czas środkowoeuropejski letni)
[debug] [2023-05-18T19:50:58.293Z] ----------------------------------------------------------------------
[debug] 
[debug] [2023-05-18T19:50:58.345Z] > command requires scopes: ["email","openid","https://www.googleapis.com/auth/cloudplatformprojects.readonly","https://www.googleapis.com/auth/firebase","https://www.googleapis.com/auth/cloud-platform"]
[debug] [2023-05-18T19:50:58.345Z] > authorizing via signed-in user (maciej.bernatowicz123@gmail.com)
[info] 
     ######## #### ########  ######## ########     ###     ######  ########
     ##        ##  ##     ## ##       ##     ##  ##   ##  ##       ##
     ######    ##  ########  ######   ########  #########  ######  ######
     ##        ##  ##    ##  ##       ##     ## ##     ##       ## ##
     ##       #### ##     ## ######## ########  ##     ##  ######  ########

You're about to initialize a Firebase project in this directory:

  C:\Users\Maciej\Desktop\niewiem\Projekty\nextjs-portfolio

Before we get started, keep in mind:

  * You are initializing within an existing Firebase project directory

[info] 
=== Project Setup
[info] 
[info] First, let's associate this project directory with a Firebase project.
[info] You can create multiple project aliases by running firebase use --add, 
[info] but for now we'll just set up a default project.
[info] 
[debug] [2023-05-18T19:51:07.561Z] Using project from CLI flag: mb-portfolio-16dff
[debug] [2023-05-18T19:51:07.563Z] >>> [apiv2][query] GET https://firebase.googleapis.com/v1beta1/projects/mb-portfolio-16dff [none]
[debug] [2023-05-18T19:51:07.897Z] <<< [apiv2][status] GET https://firebase.googleapis.com/v1beta1/projects/mb-portfolio-16dff 200
[debug] [2023-05-18T19:51:07.897Z] <<< [apiv2][body] GET https://firebase.googleapis.com/v1beta1/projects/mb-portfolio-16dff {"projectId":"mb-portfolio-16dff","projectNumber":"976318470982","displayName":"MB Portfolio","name":"projects/mb-portfolio-16dff","resources":{"hostingSite":"mb-portfolio-16dff"},"state":"ACTIVE","etag":"1_4ef77b17-0291-4027-88ae-bec15a05c870"}
[info] i  Using project mb-portfolio-16dff (MB Portfolio) 
[info] 
=== Hosting:github Setup
[info] 
[info] i  Detected a .git folder at C:\Users\Maciej\Desktop\niewiem\Projekty\nextjs-portfolio 
[info] i  Authorizing with GitHub to upload your service account to a GitHub repository's secrets store. 
[info] 
[info] Visit this URL on this device to log in:
[info] https://github.com/login/oauth/authorize?client_id=89cf50f02ac6aaed3484&state=595934763&redirect_uri=http%3A%2F%2Flocalhost%3A9005&scope=read%3Auser%20repo%20public_repo
[info] 
[info] Waiting for authentication...
[debug] [2023-05-18T19:51:08.432Z] >>> [apiv2][query] POST https://github.com/login/oauth/access_token [none]
[debug] [2023-05-18T19:51:08.432Z] >>> [apiv2][body] POST https://github.com/login/oauth/access_token [stream]
[debug] [2023-05-18T19:51:08.709Z] <<< [apiv2][status] POST https://github.com/login/oauth/access_token 200
[debug] [2023-05-18T19:51:08.710Z] <<< [apiv2][body] POST https://github.com/login/oauth/access_token {"access_token":"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","token_type":"bearer","scope":"read:user,repo"}
[debug] [2023-05-18T19:51:08.713Z] >>> [apiv2][query] GET https://api.github.com/user [none]
[debug] [2023-05-18T19:51:09.094Z] <<< [apiv2][status] GET https://api.github.com/user 200
[debug] [2023-05-18T19:51:09.094Z] <<< [apiv2][body] GET https://api.github.com/user {"login":"Malcewicz","id":98919214,"node_id":"U_kgDOBeVjLg","avatar_url":"https://avatars.githubusercontent.com/u/98919214?v=4","gravatar_id":"","url":"https://api.github.com/users/Malcewicz","html_url":"https://github.com/Malcewicz","followers_url":"https://api.github.com/users/Malcewicz/followers","following_url":"https://api.github.com/users/Malcewicz/following{/other_user}","gists_url":"https://api.github.com/users/Malcewicz/gists{/gist_id}","starred_url":"https://api.github.com/users/Malcewicz/starred{/owner}{/repo}","subscriptions_url":"https://api.github.com/users/Malcewicz/subscriptions","organizations_url":"https://api.github.com/users/Malcewicz/orgs","repos_url":"https://api.github.com/users/Malcewicz/repos","events_url":"https://api.github.com/users/Malcewicz/events{/privacy}","received_events_url":"https://api.github.com/users/Malcewicz/received_events","type":"User","site_admin":false,"name":"Maciej Bernatowicz","company":null,"blog":"","location":"Warsaw, Poland","email":null,"hireable":true,"bio":"18 year old polish computer science student and website manager for LakeView Przewięź Apartments","twitter_username":null,"public_repos":8,"public_gists":0,"followers":3,"following":5,"created_at":"2022-02-02T21:12:58Z","updated_at":"2023-05-12T19:29:13Z","private_gists":0,"total_private_repos":11,"owned_private_repos":11,"disk_usage":84877,"collaborators":3,"two_factor_authentication":false,"plan":{"name":"pro","space":976562499,"collaborators":0,"private_repos":9999}}
[info] 
[info] +  Success! Logged into GitHub as Malcewicz 
[info] 
